This is pdfTeX, Version 3.1415926-2.5-1.40.14 (TeX Live 2013) (format=pdflatex 2024.7.3)  10 MAR 2025 05:03
entering extended mode
 restricted \write18 enabled.
 %&-line parsing enabled.
**report_drug_quinidine_ordstatic_marcell.tex
(./report_drug_quinidine_ordstatic_marcell.tex
LaTeX2e <2011/06/27>
Babel <v3.8m> and hyphenation patterns for english, dumylang, nohyphenation, lo
aded.
(/usr/share/texlive/texmf-dist/tex/latex/base/article.cls
Document Class: article 2007/10/19 v1.4h Standard LaTeX document class
(/usr/share/texlive/texmf-dist/tex/latex/base/size11.clo
File: size11.clo 2007/10/19 v1.4h Standard LaTeX file (size option)
)
\c@part=\count79
\c@section=\count80
\c@subsection=\count81
\c@subsubsection=\count82
\c@paragraph=\count83
\c@subparagraph=\count84
\c@figure=\count85
\c@table=\count86
\abovecaptionskip=\skip41
\belowcaptionskip=\skip42
\bibindent=\dimen102
)
(/usr/share/texlive/texmf-dist/tex/latex/graphics/graphicx.sty
Package: graphicx 1999/02/16 v1.0f Enhanced LaTeX Graphics (DPC,SPQR)

(/usr/share/texlive/texmf-dist/tex/latex/graphics/keyval.sty
Package: keyval 1999/03/16 v1.13 key=value parser (DPC)
\KV@toks@=\toks14
)
(/usr/share/texlive/texmf-dist/tex/latex/graphics/graphics.sty
Package: graphics 2009/02/05 v1.0o Standard LaTeX Graphics (DPC,SPQR)

(/usr/share/texlive/texmf-dist/tex/latex/graphics/trig.sty
Package: trig 1999/03/16 v1.09 sin cos tan (DPC)
)
(/usr/share/texlive/texmf-dist/tex/latex/latexconfig/graphics.cfg
File: graphics.cfg 2010/04/23 v1.9 graphics configuration of TeX Live
)
Package graphics Info: Driver file: pdftex.def on input line 91.

(/usr/share/texlive/texmf-dist/tex/latex/pdftex-def/pdftex.def
File: pdftex.def 2011/05/27 v0.06d Graphics/color for pdfTeX

(/usr/share/texlive/texmf-dist/tex/generic/oberdiek/infwarerr.sty
Package: infwarerr 2010/04/08 v1.3 Providing info/warning/error messages (HO)
)
(/usr/share/texlive/texmf-dist/tex/generic/oberdiek/ltxcmds.sty
Package: ltxcmds 2011/11/09 v1.22 LaTeX kernel commands for general use (HO)
)
\Gread@gobject=\count87
))
\Gin@req@height=\dimen103
\Gin@req@width=\dimen104
)
(/usr/share/texlive/texmf-dist/tex/latex/float/float.sty
Package: float 2001/11/08 v1.3d Float enhancements (AL)
\c@float@type=\count88
\float@exts=\toks15
\float@box=\box26
\@float@everytoks=\toks16
\@floatcapt=\box27
)
(./report_drug_quinidine_ordstatic_marcell.aux)
\openout1 = `report_drug_quinidine_ordstatic_marcell.aux'.

LaTeX Font Info:    Checking defaults for OML/cmm/m/it on input line 7.
LaTeX Font Info:    ... okay on input line 7.
LaTeX Font Info:    Checking defaults for T1/cmr/m/n on input line 7.
LaTeX Font Info:    ... okay on input line 7.
LaTeX Font Info:    Checking defaults for OT1/cmr/m/n on input line 7.
LaTeX Font Info:    ... okay on input line 7.
LaTeX Font Info:    Checking defaults for OMS/cmsy/m/n on input line 7.
LaTeX Font Info:    ... okay on input line 7.
LaTeX Font Info:    Checking defaults for OMX/cmex/m/n on input line 7.
LaTeX Font Info:    ... okay on input line 7.
LaTeX Font Info:    Checking defaults for U/cmr/m/n on input line 7.
LaTeX Font Info:    ... okay on input line 7.

(/usr/share/texlive/texmf-dist/tex/context/base/supp-pdf.mkii
[Loading MPS to PDF converter (version 2006.09.02).]
\scratchcounter=\count89
\scratchdimen=\dimen105
\scratchbox=\box28
\nofMPsegments=\count90
\nofMParguments=\count91
\everyMPshowfont=\toks17
\MPscratchCnt=\count92
\MPscratchDim=\dimen106
\MPnumerator=\count93
\makeMPintoPDFobject=\count94
\everyMPtoPDFconversion=\toks18
) (/usr/share/texlive/texmf-dist/tex/generic/oberdiek/pdftexcmds.sty
Package: pdftexcmds 2011/11/29 v0.20 Utility functions of pdfTeX for LuaTeX (HO
)

(/usr/share/texlive/texmf-dist/tex/generic/oberdiek/ifluatex.sty
Package: ifluatex 2010/03/01 v1.3 Provides the ifluatex switch (HO)
Package ifluatex Info: LuaTeX not detected.
)
(/usr/share/texlive/texmf-dist/tex/generic/oberdiek/ifpdf.sty
Package: ifpdf 2011/01/30 v2.3 Provides the ifpdf switch (HO)
Package ifpdf Info: pdfTeX in PDF mode is detected.
)
Package pdftexcmds Info: LuaTeX not detected.
Package pdftexcmds Info: \pdf@primitive is available.
Package pdftexcmds Info: \pdf@ifprimitive is available.
Package pdftexcmds Info: \pdfdraftmode found.
)
(/usr/share/texlive/texmf-dist/tex/latex/oberdiek/epstopdf-base.sty
Package: epstopdf-base 2010/02/09 v2.5 Base part for package epstopdf

(/usr/share/texlive/texmf-dist/tex/latex/oberdiek/grfext.sty
Package: grfext 2010/08/19 v1.1 Manage graphics extensions (HO)

(/usr/share/texlive/texmf-dist/tex/generic/oberdiek/kvdefinekeys.sty
Package: kvdefinekeys 2011/04/07 v1.3 Define keys (HO)
))
(/usr/share/texlive/texmf-dist/tex/latex/oberdiek/kvoptions.sty
Package: kvoptions 2011/06/30 v3.11 Key value format for package options (HO)

(/usr/share/texlive/texmf-dist/tex/generic/oberdiek/kvsetkeys.sty
Package: kvsetkeys 2012/04/25 v1.16 Key value parser (HO)

(/usr/share/texlive/texmf-dist/tex/generic/oberdiek/etexcmds.sty
Package: etexcmds 2011/02/16 v1.5 Avoid name clashes with e-TeX commands (HO)
Package etexcmds Info: Could not find \expanded.
(etexcmds)             That can mean that you are not using pdfTeX 1.50 or
(etexcmds)             that some package has redefined \expanded.
(etexcmds)             In the latter case, load this package earlier.
)))
Package grfext Info: Graphics extension search list:
(grfext)             [.png,.pdf,.jpg,.mps,.jpeg,.jbig2,.jb2,.PNG,.PDF,.JPG,.JPE
G,.JBIG2,.JB2,.eps]
(grfext)             \AppendGraphicsExtensions on input line 452.

(/usr/share/texlive/texmf-dist/tex/latex/latexconfig/epstopdf-sys.cfg
File: epstopdf-sys.cfg 2010/07/13 v1.3 Configuration of (r)epstopdf for TeX Liv
e
))
LaTeX Font Info:    External font `cmex10' loaded for size
(Font)              <12> on input line 8.
LaTeX Font Info:    External font `cmex10' loaded for size
(Font)              <8> on input line 8.
LaTeX Font Info:    External font `cmex10' loaded for size
(Font)              <6> on input line 8.

Overfull \hbox (6.55162pt too wide) in paragraph at lines 16--19
\OT1/cmr/m/n/10.95 Biomarker: qNet, qIn-ward, APD90, APD50, APDtri, CaD90, CaD5
0, CaDtri. 
 []

LaTeX Font Info:    External font `cmex10' loaded for size
(Font)              <10.95> on input line 19.

Overfull \hbox (2.50624pt too wide) in paragraph at lines 22--30
\OT1/cmr/m/n/10.95 (8) CaDtri: Tri-an-gu-la-tion of the CaD. Dif-fer-ence be-tw
een CaD90 and CaD50. 
 []

[1

{/usr/share/texlive/texmf/fonts/map/pdftex/updmap/pdftex.map}]
<./plots/time_series/quinidine/Vm_plot.png, id=14, 569.84895pt x 428.19975pt>
File: ./plots/time_series/quinidine/Vm_plot.png Graphic file (type png)

<use ./plots/time_series/quinidine/Vm_plot.png>
Package pdftex.def Info: ./plots/time_series/quinidine/Vm_plot.png used on inpu
t line 38.
(pdftex.def)             Requested size: 455.87978pt x 342.56026pt.

Overfull \hbox (95.87978pt too wide) in paragraph at lines 36--39
 [] 
 []


<./plots/time_series/quinidine/dVm_dt_plot.png, id=16, 569.4876pt x 428.19975pt
>
File: ./plots/time_series/quinidine/dVm_dt_plot.png Graphic file (type png)
 <use ./plots/time_series/quinidine/dVm_dt_plot.png>
Package pdftex.def Info: ./plots/time_series/quinidine/dVm_dt_plot.png used on 
input line 45.
(pdftex.def)             Requested size: 455.5907pt x 342.56026pt.

Overfull \hbox (95.5907pt too wide) in paragraph at lines 43--46
 [] 
 []

[2]
<./plots/time_series/quinidine/Cai_plot.png, id=20, 569.84895pt x 428.19975pt>
File: ./plots/time_series/quinidine/Cai_plot.png Graphic file (type png)

<use ./plots/time_series/quinidine/Cai_plot.png>
Package pdftex.def Info: ./plots/time_series/quinidine/Cai_plot.png used on inp
ut line 52.
(pdftex.def)             Requested size: 455.87978pt x 342.56026pt.

Overfull \hbox (95.87978pt too wide) in paragraph at lines 50--53
 [] 
 []

[3 <./plots/time_series/quinidine/Vm_plot.png>]
<./plots/time_series/quinidine/INaL_plot.png, id=25, 570.2103pt x 428.19975pt>
File: ./plots/time_series/quinidine/INaL_plot.png Graphic file (type png)

<use ./plots/time_series/quinidine/INaL_plot.png>
Package pdftex.def Info: ./plots/time_series/quinidine/INaL_plot.png used on in
put line 59.
(pdftex.def)             Requested size: 456.16885pt x 342.56026pt.

Overfull \hbox (96.16885pt too wide) in paragraph at lines 57--60
 [] 
 []

[4 <./plots/time_series/quinidine/dVm_dt_plot.png>]
<./plots/time_series/quinidine/INa_plot.png, id=30, 570.57166pt x 428.19975pt>
File: ./plots/time_series/quinidine/INa_plot.png Graphic file (type png)

<use ./plots/time_series/quinidine/INa_plot.png>
Package pdftex.def Info: ./plots/time_series/quinidine/INa_plot.png used on inp
ut line 66.
(pdftex.def)             Requested size: 456.45793pt x 342.56026pt.

Overfull \hbox (96.45793pt too wide) in paragraph at lines 64--67
 [] 
 []

[5 <./plots/time_series/quinidine/Cai_plot.png>]
<./plots/time_series/quinidine/ICaL_plot.png, id=35, 570.57166pt x 428.19975pt>
File: ./plots/time_series/quinidine/ICaL_plot.png Graphic file (type png)
<use ./plots/time_series/quinidine/ICaL_plot.png>
Package pdftex.def Info: ./plots/time_series/quinidine/ICaL_plot.png used on in
put line 73.
(pdftex.def)             Requested size: 456.45793pt x 342.56026pt.

Overfull \hbox (96.45793pt too wide) in paragraph at lines 71--74
 [] 
 []

[6 <./plots/time_series/quinidine/INaL_plot.png>]
<./plots/time_series/quinidine/IKs_plot.png, id=40, 569.84895pt x 428.19975pt>
File: ./plots/time_series/quinidine/IKs_plot.png Graphic file (type png)

<use ./plots/time_series/quinidine/IKs_plot.png>
Package pdftex.def Info: ./plots/time_series/quinidine/IKs_plot.png used on inp
ut line 80.
(pdftex.def)             Requested size: 455.87978pt x 342.56026pt.

Overfull \hbox (95.87978pt too wide) in paragraph at lines 78--81
 [] 
 []

[7 <./plots/time_series/quinidine/INa_plot.png>]
<./plots/time_series/quinidine/IK1_plot.png, id=46, 570.2103pt x 428.19975pt>
File: ./plots/time_series/quinidine/IK1_plot.png Graphic file (type png)

<use ./plots/time_series/quinidine/IK1_plot.png>
Package pdftex.def Info: ./plots/time_series/quinidine/IK1_plot.png used on inp
ut line 87.
(pdftex.def)             Requested size: 456.16885pt x 342.56026pt.

Overfull \hbox (96.16885pt too wide) in paragraph at lines 85--88
 [] 
 []

[8 <./plots/time_series/quinidine/ICaL_plot.png>]
<./plots/time_series/quinidine/Ito_plot.png, id=51, 570.2103pt x 428.19975pt>
File: ./plots/time_series/quinidine/Ito_plot.png Graphic file (type png)

<use ./plots/time_series/quinidine/Ito_plot.png>
Package pdftex.def Info: ./plots/time_series/quinidine/Ito_plot.png used on inp
ut line 94.
(pdftex.def)             Requested size: 456.16885pt x 342.56026pt.

Overfull \hbox (96.16885pt too wide) in paragraph at lines 92--95
 [] 
 []

[9 <./plots/time_series/quinidine/IKs_plot.png>]
<./plots/time_series/quinidine/IKr_plot.png, id=56, 569.84895pt x 428.19975pt>
File: ./plots/time_series/quinidine/IKr_plot.png Graphic file (type png)

<use ./plots/time_series/quinidine/IKr_plot.png>
Package pdftex.def Info: ./plots/time_series/quinidine/IKr_plot.png used on inp
ut line 101.
(pdftex.def)             Requested size: 455.87978pt x 342.56026pt.

Overfull \hbox (95.87978pt too wide) in paragraph at lines 99--102
 [] 
 []

[10 <./plots/time_series/quinidine/IK1_plot.png>]
<./plots/time_series/quinidine/Inet_plot.png, id=61, 569.4876pt x 428.19975pt>
File: ./plots/time_series/quinidine/Inet_plot.png Graphic file (type png)

<use ./plots/time_series/quinidine/Inet_plot.png>
Package pdftex.def Info: ./plots/time_series/quinidine/Inet_plot.png used on in
put line 108.
(pdftex.def)             Requested size: 455.5907pt x 342.56026pt.

Overfull \hbox (95.5907pt too wide) in paragraph at lines 106--109
 [] 
 []

[11 <./plots/time_series/quinidine/Ito_plot.png>] [12 <./plots/time_series/quin
idine/IKr_plot.png>]
<./plots/features/quinidine/qnet_boxplot.png, id=70, 570.933pt x 280.76895pt>
File: ./plots/features/quinidine/qnet_boxplot.png Graphic file (type png)

<use ./plots/features/quinidine/qnet_boxplot.png>
Package pdftex.def Info: ./plots/features/quinidine/qnet_boxplot.png used on in
put line 117.
(pdftex.def)             Requested size: 456.74701pt x 224.61545pt.

Overfull \hbox (96.74701pt too wide) in paragraph at lines 115--118
 [] 
 []


<./plots/features/quinidine/apd90_boxplot.png, id=71, 570.933pt x 280.76895pt>
File: ./plots/features/quinidine/apd90_boxplot.png Graphic file (type png)

<use ./plots/features/quinidine/apd90_boxplot.png>
Package pdftex.def Info: ./plots/features/quinidine/apd90_boxplot.png used on i
nput line 124.
(pdftex.def)             Requested size: 456.74701pt x 224.61545pt.

Overfull \hbox (96.74701pt too wide) in paragraph at lines 122--125
 [] 
 []

[13 <./plots/time_series/quinidine/Inet_plot.png>]
<./plots/features/quinidine/apd50_boxplot.png, id=77, 570.933pt x 280.76895pt>
File: ./plots/features/quinidine/apd50_boxplot.png Graphic file (type png)

<use ./plots/features/quinidine/apd50_boxplot.png>
Package pdftex.def Info: ./plots/features/quinidine/apd50_boxplot.png used on i
nput line 131.
(pdftex.def)             Requested size: 456.74701pt x 224.61545pt.

Overfull \hbox (96.74701pt too wide) in paragraph at lines 129--132
 [] 
 []

[14 <./plots/features/quinidine/qnet_boxplot.png>]
<./plots/features/quinidine/cad90_boxplot.png, id=82, 570.933pt x 280.76895pt>
File: ./plots/features/quinidine/cad90_boxplot.png Graphic file (type png)

<use ./plots/features/quinidine/cad90_boxplot.png>
Package pdftex.def Info: ./plots/features/quinidine/cad90_boxplot.png used on i
nput line 138.
(pdftex.def)             Requested size: 456.74701pt x 224.61545pt.

Overfull \hbox (96.74701pt too wide) in paragraph at lines 136--139
 [] 
 []

[15 <./plots/features/quinidine/apd90_boxplot.png>]
<./plots/features/quinidine/cad50_boxplot.png, id=87, 570.933pt x 280.76895pt>
File: ./plots/features/quinidine/cad50_boxplot.png Graphic file (type png)

<use ./plots/features/quinidine/cad50_boxplot.png>
Package pdftex.def Info: ./plots/features/quinidine/cad50_boxplot.png used on i
nput line 145.
(pdftex.def)             Requested size: 456.74701pt x 224.61545pt.

Overfull \hbox (96.74701pt too wide) in paragraph at lines 143--146
 [] 
 []

[16 <./plots/features/quinidine/apd50_boxplot.png>]
<./plots/features/quinidine/vm_peak_boxplot.png, id=92, 571.29436pt x 280.76895
pt>
File: ./plots/features/quinidine/vm_peak_boxplot.png Graphic file (type png)
 <use ./plots/features/quinidine/vm_peak_boxplot.png>
Package pdftex.def Info: ./plots/features/quinidine/vm_peak_boxplot.png used on
 input line 152.
(pdftex.def)             Requested size: 457.0361pt x 224.61545pt.

Overfull \hbox (97.0361pt too wide) in paragraph at lines 150--153
 [] 
 []

[17 <./plots/features/quinidine/cad90_boxplot.png>]
<./plots/features/quinidine/vm_valley_boxplot.png, id=97, 570.933pt x 280.76895
pt>
File: ./plots/features/quinidine/vm_valley_boxplot.png Graphic file (type png)
 <use ./plots/features/quinidine/vm_valley_boxplot.png>
Package pdftex.def Info: ./plots/features/quinidine/vm_valley_boxplot.png used 
on input line 159.
(pdftex.def)             Requested size: 456.74701pt x 224.61545pt.

Overfull \hbox (96.74701pt too wide) in paragraph at lines 157--160
 [] 
 []

[18 <./plots/features/quinidine/cad50_boxplot.png>]
<./plots/features/quinidine/ca_peak_boxplot.png, id=102, 571.29436pt x 280.7689
5pt>
File: ./plots/features/quinidine/ca_peak_boxplot.png Graphic file (type png)
 <use ./plots/features/quinidine/ca_peak_boxplot.png>
Package pdftex.def Info: ./plots/features/quinidine/ca_peak_boxplot.png used on
 input line 166.
(pdftex.def)             Requested size: 457.0361pt x 224.61545pt.

Overfull \hbox (97.0361pt too wide) in paragraph at lines 164--167
 [] 
 []

[19 <./plots/features/quinidine/vm_peak_boxplot.png>]
<./plots/features/quinidine/ca_valley_boxplot.png, id=108, 571.29436pt x 280.76
895pt>
File: ./plots/features/quinidine/ca_valley_boxplot.png Graphic file (type png)
 <use ./plots/features/quinidine/ca_valley_boxplot.png>
Package pdftex.def Info: ./plots/features/quinidine/ca_valley_boxplot.png used 
on input line 173.
(pdftex.def)             Requested size: 457.0361pt x 224.61545pt.

Overfull \hbox (97.0361pt too wide) in paragraph at lines 171--174
 [] 
 []

[20 <./plots/features/quinidine/vm_valley_boxplot.png>] [21 <./plots/features/q
uinidine/ca_peak_boxplot.png>] [22 <./plots/features/quinidine/ca_valley_boxplo
t.png>] (./report_drug_quinidine_ordstatic_marcell.aux) ) 
Here is how much of TeX's memory you used:
 1671 strings out of 495063
 26917 string characters out of 3182202
 75841 words of memory out of 3000000
 4839 multiletter control sequences out of 15000+200000
 8503 words of font info for 30 fonts, out of 3000000 for 9000
 14 hyphenation exceptions out of 8191
 37i,7n,23p,272b,213s stack positions out of 5000i,500n,10000p,200000b,50000s
</usr/share/texlive/te
xmf-dist/fonts/type1/public/amsfonts/cm/cmbx12.pfb></usr/share/texlive/texmf-di
st/fonts/type1/public/amsfonts/cm/cmex10.pfb></usr/share/texlive/texmf-dist/fon
ts/type1/public/amsfonts/cm/cmmi10.pfb></usr/share/texlive/texmf-dist/fonts/typ
e1/public/amsfonts/cm/cmmi8.pfb></usr/share/texlive/texmf-dist/fonts/type1/publ
ic/amsfonts/cm/cmr10.pfb></usr/share/texlive/texmf-dist/fonts/type1/public/amsf
onts/cm/cmr12.pfb></usr/share/texlive/texmf-dist/fonts/type1/public/amsfonts/cm
/cmr17.pfb></usr/share/texlive/texmf-dist/fonts/type1/public/amsfonts/cm/cmr8.p
fb>
Output written on report_drug_quinidine_ordstatic_marcell.pdf (22 pages, 209125
3 bytes).
PDF statistics:
 148 PDF objects out of 1000 (max. 8388607)
 75 compressed objects within 1 object stream
 0 named destinations out of 1000 (max. 500000)
 101 words of extra memory for PDF output out of 10000 (max. 10000000)

